TN:
SF:Queue/node.js
FN:2,(anonymous_0)
FNF:1
FNH:1
FNDA:8,(anonymous_0)
DA:3,8
DA:4,8
DA:8,1
LF:3
LH:3
BRF:0
BRH:0
end_of_record
TN:
SF:Queue/queueLinkedList.js
FN:4,(anonymous_0)
FN:9,(anonymous_1)
FN:21,(anonymous_2)
FN:25,(anonymous_3)
FN:34,(anonymous_4)
FN:38,(anonymous_5)
FNF:6
FNH:5
FNDA:3,(anonymous_0)
FNDA:8,(anonymous_1)
FNDA:2,(anonymous_2)
FNDA:1,(anonymous_3)
FNDA:2,(anonymous_4)
FNDA:0,(anonymous_5)
DA:1,1
DA:5,3
DA:6,3
DA:10,8
DA:11,8
DA:12,8
DA:13,5
DA:14,5
DA:16,3
DA:17,3
DA:22,2
DA:26,1
DA:27,0
DA:28,0
DA:30,1
DA:31,1
DA:32,1
DA:35,2
DA:39,0
DA:40,0
DA:41,0
DA:42,0
DA:47,1
LF:23
LH:17
BRDA:12,0,0,5
BRDA:12,0,1,3
BRDA:22,1,0,0
BRDA:22,1,1,2
BRDA:26,2,0,0
BRDA:26,2,1,1
BRF:6
BRH:4
end_of_record
TN:
SF:Stack/node.js
FN:2,(anonymous_0)
FNF:1
FNH:1
FNDA:8,(anonymous_0)
DA:3,8
DA:4,8
DA:8,1
LF:3
LH:3
BRF:0
BRH:0
end_of_record
TN:
SF:Stack/stackLinkedList.js
FN:4,(anonymous_0)
FN:8,(anonymous_1)
FN:19,(anonymous_2)
FN:22,(anonymous_3)
FN:31,(anonymous_4)
FN:35,(anonymous_5)
FNF:6
FNH:5
FNDA:3,(anonymous_0)
FNDA:8,(anonymous_1)
FNDA:2,(anonymous_2)
FNDA:1,(anonymous_3)
FNDA:2,(anonymous_4)
FNDA:0,(anonymous_5)
DA:1,1
DA:5,3
DA:9,8
DA:10,8
DA:11,8
DA:12,5
DA:13,5
DA:15,3
DA:20,2
DA:23,1
DA:24,0
DA:25,0
DA:27,1
DA:28,1
DA:29,1
DA:32,2
DA:36,0
DA:37,0
DA:38,0
DA:39,0
DA:44,1
LF:21
LH:15
BRDA:11,0,0,5
BRDA:11,0,1,3
BRDA:20,1,0,0
BRDA:20,1,1,2
BRDA:23,2,0,0
BRDA:23,2,1,1
BRDA:32,3,0,1
BRDA:32,3,1,1
BRF:8
BRH:6
end_of_record
